* using log directory ‘/Users/rd23aag/Documents/GitHub/luma/luma.Rcheck’
* using R version 4.3.0 (2023-04-21)
* using platform: aarch64-apple-darwin20 (64-bit)
* R was compiled by
    Apple clang version 14.0.0 (clang-1400.0.29.202)
    GNU Fortran (GCC) 12.2.0
* running under: macOS 15.6.1
* using session charset: UTF-8
* using options ‘--no-manual --as-cran’
* checking for file ‘luma/DESCRIPTION’ ... OK
* checking extension type ... Package
* this is package ‘luma’ version ‘0.1.0’
* package encoding: UTF-8
* checking package namespace information ... OK
* checking package dependencies ... OK
* checking if this is a source package ... OK
* checking if there is a namespace ... OK
* checking for executable files ... OK
* checking for hidden files and directories ... OK
* checking for portable file names ... OK
* checking for sufficient/correct file permissions ... OK
* checking serialization versions ... OK
* checking whether package ‘luma’ can be installed ... OK
* checking installed package size ... OK
* checking package directory ... OK
* checking for future file timestamps ... NOTE
unable to verify current time
* checking DESCRIPTION meta-information ... WARNING
Invalid license file pointers: LICENSE
* checking top-level files ... OK
* checking for left-over files ... OK
* checking index information ... OK
* checking package subdirectories ... OK
* checking R files for non-ASCII characters ... OK
* checking R files for syntax errors ... OK
* checking whether the package can be loaded ... OK
* checking whether the package can be loaded with stated dependencies ... OK
* checking whether the package can be unloaded cleanly ... OK
* checking whether the namespace can be loaded with stated dependencies ... OK
* checking whether the namespace can be unloaded cleanly ... OK
* checking dependencies in R code ... WARNING
'::' or ':::' import not declared from: ‘ggplot2’
'loadNamespace' or 'requireNamespace' call not declared from: ‘ggplot2’
* checking S3 generic/method consistency ... OK
* checking replacement functions ... OK
* checking foreign function calls ... OK
* checking R code for possible problems ... NOTE
plot_levy_shading: no visible binding for global variable ‘y’
plot_levy_shading: no visible binding for global variable ‘seg_id’
plot_levy_shading: no visible binding for global variable ‘chord’
sig_features: no visible global function definition for ‘get_opt’
sig_features: no visible global function definition for
  ‘._stream2sig_d2_raw’
sig_features: no visible global function definition for
  ‘._stream2sig_d3_raw’
sig_features: no visible global function definition for
  ‘._stream2sig_d4_raw’
sig_features: no visible global function definition for
  ‘._logsig_tensor_d4’
sig_features: no visible global function definition for ‘._norm_scales’
Undefined global functions or variables:
  ._logsig_tensor_d4 ._norm_scales ._stream2sig_d2_raw
  ._stream2sig_d3_raw ._stream2sig_d4_raw chord get_opt seg_id y
* checking Rd files ... OK
* checking Rd metadata ... OK
* checking Rd line widths ... OK
* checking Rd cross-references ... OK
* checking for missing documentation entries ... WARNING
Undocumented code objects:
  ‘is_path2d’ ‘sig_features’
All user-level objects in a package should have documentation entries.
See chapter ‘Writing R documentation files’ in the ‘Writing R
Extensions’ manual.
* checking for code/documentation mismatches ... WARNING
Functions or methods with usage in documentation object 'hello' but not in code:
  ‘hello’

* checking Rd \usage sections ... WARNING
Undocumented arguments in documentation object 'as_path2d'
  ‘x’ ‘t’ ‘f’ ‘sort’

Functions with \usage entries need to have the appropriate \alias
entries, and all their arguments documented.
The \usage entries must correspond to syntactically valid R code.
See chapter ‘Writing R documentation files’ in the ‘Writing R
Extensions’ manual.
* checking Rd contents ... OK
* checking for unstated dependencies in examples ... OK
* checking examples ... ERROR
Running examples in ‘luma-Ex.R’ failed
The error most likely occurred in:

> base::assign(".ptime", proc.time(), pos = "CheckExEnv")
> ### Name: hello
> ### Title: Hello, World!
> ### Aliases: hello
> 
> ### ** Examples
> 
> hello()
Error in hello() : could not find function "hello"
Execution halted
* checking for non-standard things in the check directory ... OK
* checking for detritus in the temp directory ... OK
* DONE
Status: 1 ERROR, 5 WARNINGs, 2 NOTEs
